randread: (g=0): rw=randread, bs=(R) 4096B-4096B, (W) 4096B-4096B, (T) 4096B-4096B, ioengine=io_uring, iodepth=1
fio-3.16
Starting 1 process

randread: (groupid=0, jobs=1): err= 0: pid=2406: Wed Feb 23 07:17:25 2022
  read: IOPS=9327, BW=36.4MiB/s (38.2MB/s)(1024MiB/28104msec)
    slat (usec): min=3, max=179, avg= 7.09, stdev= 4.45
    clat (usec): min=59, max=5671, avg=98.94, stdev=21.15
     lat (usec): min=82, max=5678, avg=106.16, stdev=23.89
     lat percentiles (usec):
     |  1.00th=[   95],  5.00th=[   96], 10.00th=[   96], 20.00th=[   97],
     | 30.00th=[   97], 40.00th=[   98], 50.00th=[   99], 60.00th=[  100],
     | 70.00th=[  103], 80.00th=[  115], 90.00th=[  119], 95.00th=[  128],
     | 99.00th=[  208], 99.50th=[  227], 99.90th=[  260], 99.95th=[  269],
     | 99.99th=[  351]
   bw (  KiB/s): min=27920, max=41024, per=99.96%, avg=37294.91, stdev=3942.33, samples=56
   iops        : min= 6980, max=10256, avg=9323.71, stdev=985.58, samples=56
  lat (usec)   : 100=73.94%, 250=26.03%, 500=0.02%, 750=0.01%, 1000=0.01%
  lat (msec)   : 2=0.01%, 10=0.01%
  cpu          : usr=3.17%, sys=13.18%, ctx=262167, majf=0, minf=9
  IO depths    : 1=100.0%, 2=0.0%, 4=0.0%, 8=0.0%, 16=0.0%, 32=0.0%, >=64=0.0%
     submit    : 0=0.0%, 4=100.0%, 8=0.0%, 16=0.0%, 32=0.0%, 64=0.0%, >=64=0.0%
     complete  : 0=0.0%, 4=100.0%, 8=0.0%, 16=0.0%, 32=0.0%, 64=0.0%, >=64=0.0%
     issued rwts: total=262144,0,0,0 short=0,0,0,0 dropped=0,0,0,0
     latency   : target=0, window=0, percentile=100.00%, depth=1

Run status group 0 (all jobs):
   READ: bw=36.4MiB/s (38.2MB/s), 36.4MiB/s-36.4MiB/s (38.2MB/s-38.2MB/s), io=1024MiB (1074MB), run=28104-28104msec

Disk stats (read/write):
  sda: ios=260018/28, merge=0/37, ticks=24742/17, in_queue=24772, util=99.70%
