randread: (g=0): rw=randread, bs=(R) 4096B-4096B, (W) 4096B-4096B, (T) 4096B-4096B, ioengine=io_uring, iodepth=1
fio-3.16
Starting 1 process

randread: (groupid=0, jobs=1): err= 0: pid=2419: Wed Feb 23 07:17:48 2022
  read: IOPS=11.6k, BW=45.3MiB/s (47.5MB/s)(1024MiB/22613msec)
    clat (usec): min=75, max=1416, avg=85.79, stdev= 6.96
     lat (usec): min=75, max=1438, avg=85.86, stdev= 6.97
     lat percentiles (usec):
     |  1.00th=[   83],  5.00th=[   84], 10.00th=[   84], 20.00th=[   85],
     | 30.00th=[   85], 40.00th=[   86], 50.00th=[   86], 60.00th=[   86],
     | 70.00th=[   87], 80.00th=[   87], 90.00th=[   88], 95.00th=[   90],
     | 99.00th=[   94], 99.50th=[   95], 99.90th=[  106], 99.95th=[  147],
     | 99.99th=[  221]
   bw (  KiB/s): min=45728, max=47064, per=99.99%, avg=46366.16, stdev=368.85, samples=45
   iops        : min=11432, max=11766, avg=11591.51, stdev=92.21, samples=45
  lat (usec)   : 100=99.88%, 250=0.11%, 500=0.01%, 1000=0.01%
  lat (msec)   : 2=0.01%
  cpu          : usr=99.97%, sys=0.00%, ctx=168, majf=0, minf=7
  IO depths    : 1=100.0%, 2=0.0%, 4=0.0%, 8=0.0%, 16=0.0%, 32=0.0%, >=64=0.0%
     submit    : 0=0.0%, 4=0.0%, 8=0.0%, 16=0.0%, 32=0.0%, 64=0.0%, >=64=0.0%
     complete  : 0=0.0%, 4=100.0%, 8=0.0%, 16=0.0%, 32=0.0%, 64=0.0%, >=64=0.0%
     issued rwts: total=262144,0,0,0 short=0,0,0,0 dropped=0,0,0,0
     latency   : target=0, window=0, percentile=100.00%, depth=1

Run status group 0 (all jobs):
   READ: bw=45.3MiB/s (47.5MB/s), 45.3MiB/s-45.3MiB/s (47.5MB/s-47.5MB/s), io=1024MiB (1074MB), run=22613-22613msec

Disk stats (read/write):
  sda: ios=259613/54, merge=0/19, ticks=21908/12, in_queue=21928, util=99.60%
