randread: (g=0): rw=randread, bs=(R) 8192B-8192B, (W) 8192B-8192B, (T) 8192B-8192B, ioengine=io_uring, iodepth=1
fio-3.16
Starting 1 process

randread: (groupid=0, jobs=1): err= 0: pid=2440: Wed Feb 23 07:18:16 2022
  read: IOPS=10.5k, BW=82.2MiB/s (86.2MB/s)(1024MiB/12455msec)
    clat (usec): min=83, max=5359, avg=94.51, stdev=15.72
     lat (usec): min=83, max=5360, avg=94.59, stdev=15.73
     lat percentiles (usec):
     |  1.00th=[   91],  5.00th=[   92], 10.00th=[   92], 20.00th=[   93],
     | 30.00th=[   94], 40.00th=[   94], 50.00th=[   94], 60.00th=[   95],
     | 70.00th=[   95], 80.00th=[   95], 90.00th=[   99], 95.00th=[  100],
     | 99.00th=[  102], 99.50th=[  103], 99.90th=[  137], 99.95th=[  157],
     | 99.99th=[  249]
   bw (  KiB/s): min=83056, max=84656, per=100.00%, avg=84193.63, stdev=404.01, samples=24
   iops        : min=10382, max=10582, avg=10524.17, stdev=50.49, samples=24
  lat (usec)   : 100=95.87%, 250=4.12%, 500=0.01%, 1000=0.01%
  lat (msec)   : 2=0.01%, 10=0.01%
  cpu          : usr=98.14%, sys=1.85%, ctx=43, majf=0, minf=8
  IO depths    : 1=100.0%, 2=0.0%, 4=0.0%, 8=0.0%, 16=0.0%, 32=0.0%, >=64=0.0%
     submit    : 0=0.0%, 4=0.0%, 8=0.0%, 16=0.0%, 32=0.0%, 64=0.0%, >=64=0.0%
     complete  : 0=0.0%, 4=100.0%, 8=0.0%, 16=0.0%, 32=0.0%, 64=0.0%, >=64=0.0%
     issued rwts: total=131072,0,0,0 short=0,0,0,0 dropped=0,0,0,0
     latency   : target=0, window=0, percentile=100.00%, depth=1

Run status group 0 (all jobs):
   READ: bw=82.2MiB/s (86.2MB/s), 82.2MiB/s-82.2MiB/s (86.2MB/s-86.2MB/s), io=1024MiB (1074MB), run=12455-12455msec

Disk stats (read/write):
  sda: ios=130461/2, merge=0/8, ticks=12091/7, in_queue=12105, util=99.26%
