randread: (g=0): rw=randread, bs=(R) 256KiB-256KiB, (W) 256KiB-256KiB, (T) 256KiB-256KiB, ioengine=io_uring, iodepth=1
fio-3.16
Starting 1 process

randread: (groupid=0, jobs=1): err= 0: pid=2472: Wed Feb 23 07:18:31 2022
  read: IOPS=982, BW=246MiB/s (258MB/s)(1024MiB/4169msec)
    slat (usec): min=34, max=189, avg=72.71, stdev=15.49
    clat (usec): min=714, max=2356, avg=934.73, stdev=104.67
     lat (usec): min=754, max=2547, avg=1008.52, stdev=109.66
     lat percentiles (usec):
     |  1.00th=[  824],  5.00th=[  848], 10.00th=[  857], 20.00th=[  873],
     | 30.00th=[  898], 40.00th=[ 1020], 50.00th=[ 1074], 60.00th=[ 1090],
     | 70.00th=[ 1090], 80.00th=[ 1106], 90.00th=[ 1106], 95.00th=[ 1106],
     | 99.00th=[ 1139], 99.50th=[ 1139], 99.90th=[ 1156], 99.95th=[ 1172],
     | 99.99th=[ 2540]
   bw (  KiB/s): min=245248, max=256512, per=100.00%, avg=251649.25, stdev=3811.57, samples=8
   iops        : min=  958, max= 1002, avg=983.00, stdev=14.89, samples=8
  lat (usec)   : 750=0.54%, 1000=52.47%
  lat (msec)   : 2=46.97%, 4=0.02%
  cpu          : usr=3.26%, sys=12.62%, ctx=4098, majf=0, minf=72
  IO depths    : 1=100.0%, 2=0.0%, 4=0.0%, 8=0.0%, 16=0.0%, 32=0.0%, >=64=0.0%
     submit    : 0=0.0%, 4=100.0%, 8=0.0%, 16=0.0%, 32=0.0%, 64=0.0%, >=64=0.0%
     complete  : 0=0.0%, 4=100.0%, 8=0.0%, 16=0.0%, 32=0.0%, 64=0.0%, >=64=0.0%
     issued rwts: total=4096,0,0,0 short=0,0,0,0 dropped=0,0,0,0
     latency   : target=0, window=0, percentile=100.00%, depth=1

Run status group 0 (all jobs):
   READ: bw=246MiB/s (258MB/s), 246MiB/s-246MiB/s (258MB/s-258MB/s), io=1024MiB (1074MB), run=4169-4169msec

Disk stats (read/write):
  sda: ios=4075/0, merge=0/0, ticks=3669/0, in_queue=3669, util=97.86%
