randread: (g=0): rw=randread, bs=(R) 256KiB-256KiB, (W) 256KiB-256KiB, (T) 256KiB-256KiB, ioengine=io_uring, iodepth=1
fio-3.16
Starting 1 process

randread: (groupid=0, jobs=1): err= 0: pid=2482: Wed Feb 23 07:18:35 2022
  read: IOPS=1470, BW=368MiB/s (386MB/s)(1024MiB/2785msec)
    clat (usec): min=660, max=2308, avg=679.11, stdev=26.39
     lat (usec): min=660, max=2329, avg=679.22, stdev=26.72
     lat percentiles (usec):
     |  1.00th=[  668],  5.00th=[  668], 10.00th=[  676], 20.00th=[  676],
     | 30.00th=[  676], 40.00th=[  676], 50.00th=[  676], 60.00th=[  676],
     | 70.00th=[  685], 80.00th=[  685], 90.00th=[  685], 95.00th=[  685],
     | 99.00th=[  685], 99.50th=[  693], 99.90th=[  775], 99.95th=[  881],
     | 99.99th=[ 2343]
   bw (  KiB/s): min=375296, max=377344, per=100.00%, avg=376627.20, stdev=856.74, samples=5
   iops        : min= 1466, max= 1474, avg=1471.20, stdev= 3.35, samples=5
  lat (usec)   : 750=99.88%, 1000=0.10%
  lat (msec)   : 4=0.02%
  cpu          : usr=99.57%, sys=0.40%, ctx=10, majf=0, minf=6
  IO depths    : 1=100.0%, 2=0.0%, 4=0.0%, 8=0.0%, 16=0.0%, 32=0.0%, >=64=0.0%
     submit    : 0=0.0%, 4=0.0%, 8=0.0%, 16=0.0%, 32=0.0%, 64=0.0%, >=64=0.0%
     complete  : 0=0.0%, 4=100.0%, 8=0.0%, 16=0.0%, 32=0.0%, 64=0.0%, >=64=0.0%
     issued rwts: total=4096,0,0,0 short=0,0,0,0 dropped=0,0,0,0
     latency   : target=0, window=0, percentile=100.00%, depth=1

Run status group 0 (all jobs):
   READ: bw=368MiB/s (386MB/s), 368MiB/s-368MiB/s (386MB/s-386MB/s), io=1024MiB (1074MB), run=2785-2785msec

Disk stats (read/write):
  sda: ios=3893/2, merge=0/1, ticks=2622/2, in_queue=2627, util=96.40%
