randread: (g=0): rw=randread, bs=(R) 32.0KiB-32.0KiB, (W) 32.0KiB-32.0KiB, (T) 32.0KiB-32.0KiB, ioengine=io_uring, iodepth=1
fio-3.16
Starting 1 process

randread: (groupid=0, jobs=1): err= 0: pid=2451: Wed Feb 23 07:18:21 2022
  read: IOPS=6548, BW=205MiB/s (215MB/s)(1024MiB/5004msec)
    slat (nsec): min=4764, max=77574, avg=7188.43, stdev=1196.07
    clat (usec): min=79, max=1741, avg=144.65, stdev=11.59
     lat (usec): min=115, max=1820, avg=151.92, stdev=12.43
     lat percentiles (usec):
     |  1.00th=[  143],  5.00th=[  149], 10.00th=[  149], 20.00th=[  151],
     | 30.00th=[  151], 40.00th=[  151], 50.00th=[  151], 60.00th=[  151],
     | 70.00th=[  153], 80.00th=[  153], 90.00th=[  153], 95.00th=[  153],
     | 99.00th=[  206], 99.50th=[  221], 99.90th=[  235], 99.95th=[  258],
     | 99.99th=[  383]
   bw (  KiB/s): min=202688, max=211584, per=100.00%, avg=209593.60, stdev=2712.35, samples=10
   iops        : min= 6334, max= 6612, avg=6549.80, stdev=84.76, samples=10
  lat (usec)   : 100=0.01%, 250=99.96%, 500=0.03%
  lat (msec)   : 2=0.01%
  cpu          : usr=1.56%, sys=7.70%, ctx=32769, majf=0, minf=15
  IO depths    : 1=100.0%, 2=0.0%, 4=0.0%, 8=0.0%, 16=0.0%, 32=0.0%, >=64=0.0%
     submit    : 0=0.0%, 4=100.0%, 8=0.0%, 16=0.0%, 32=0.0%, 64=0.0%, >=64=0.0%
     complete  : 0=0.0%, 4=100.0%, 8=0.0%, 16=0.0%, 32=0.0%, 64=0.0%, >=64=0.0%
     issued rwts: total=32768,0,0,0 short=0,0,0,0 dropped=0,0,0,0
     latency   : target=0, window=0, percentile=100.00%, depth=1

Run status group 0 (all jobs):
   READ: bw=205MiB/s (215MB/s), 205MiB/s-205MiB/s (215MB/s-215MB/s), io=1024MiB (1074MB), run=5004-5004msec

Disk stats (read/write):
  sda: ios=32064/6, merge=0/2, ticks=4621/1, in_queue=4622, util=98.08%
