randread: (g=0): rw=randread, bs=(R) 32.0KiB-32.0KiB, (W) 32.0KiB-32.0KiB, (T) 32.0KiB-32.0KiB, ioengine=io_uring, iodepth=1
fio-3.16
Starting 1 process

randread: (groupid=0, jobs=1): err= 0: pid=2461: Wed Feb 23 07:18:27 2022
  read: IOPS=6971, BW=218MiB/s (228MB/s)(1024MiB/4700msec)
    clat (usec): min=80, max=1523, avg=142.93, stdev= 8.38
     lat (usec): min=80, max=1543, avg=143.01, stdev= 8.49
     lat percentiles (usec):
     |  1.00th=[  137],  5.00th=[  139], 10.00th=[  141], 20.00th=[  143],
     | 30.00th=[  143], 40.00th=[  143], 50.00th=[  143], 60.00th=[  145],
     | 70.00th=[  145], 80.00th=[  145], 90.00th=[  145], 95.00th=[  145],
     | 99.00th=[  147], 99.50th=[  151], 99.90th=[  169], 99.95th=[  200],
     | 99.99th=[  310]
   bw (  KiB/s): min=222272, max=223808, per=100.00%, avg=223168.00, stdev=525.81, samples=9
   iops        : min= 6946, max= 6994, avg=6974.00, stdev=16.43, samples=9
  lat (usec)   : 100=0.01%, 250=99.98%, 500=0.02%
  lat (msec)   : 2=0.01%
  cpu          : usr=98.77%, sys=1.17%, ctx=18, majf=0, minf=6
  IO depths    : 1=100.0%, 2=0.0%, 4=0.0%, 8=0.0%, 16=0.0%, 32=0.0%, >=64=0.0%
     submit    : 0=0.0%, 4=0.0%, 8=0.0%, 16=0.0%, 32=0.0%, 64=0.0%, >=64=0.0%
     complete  : 0=0.0%, 4=100.0%, 8=0.0%, 16=0.0%, 32=0.0%, 64=0.0%, >=64=0.0%
     issued rwts: total=32768,0,0,0 short=0,0,0,0 dropped=0,0,0,0
     latency   : target=0, window=0, percentile=100.00%, depth=1

Run status group 0 (all jobs):
   READ: bw=218MiB/s (228MB/s), 218MiB/s-218MiB/s (228MB/s-228MB/s), io=1024MiB (1074MB), run=4700-4700msec

Disk stats (read/write):
  sda: ios=32398/0, merge=0/0, ticks=4556/0, in_queue=4556, util=98.02%
