randread: (g=0): rw=randread, bs=(R) 32.0KiB-32.0KiB, (W) 32.0KiB-32.0KiB, (T) 32.0KiB-32.0KiB, ioengine=libaio, iodepth=1
fio-3.16
Starting 1 process

randread: (groupid=0, jobs=1): err= 0: pid=2386: Wed Feb 23 07:16:51 2022
  read: IOPS=4639, BW=145MiB/s (152MB/s)(1024MiB/7063msec)
    slat (usec): min=4, max=336, avg=14.61, stdev= 4.92
    clat (usec): min=2, max=1794, avg=198.73, stdev=41.38
     lat (usec): min=86, max=1918, avg=213.51, stdev=44.55
     lat percentiles (usec):
     |  1.00th=[  149],  5.00th=[  151], 10.00th=[  151], 20.00th=[  165],
     | 30.00th=[  174], 40.00th=[  219], 50.00th=[  223], 60.00th=[  227],
     | 70.00th=[  253], 80.00th=[  260], 90.00th=[  262], 95.00th=[  265],
     | 99.00th=[  277], 99.50th=[  285], 99.90th=[  412], 99.95th=[  433],
     | 99.99th=[  529]
   bw (  KiB/s): min=121856, max=210816, per=99.64%, avg=147931.43, stdev=25666.72, samples=14
   iops        : min= 3808, max= 6588, avg=4622.86, stdev=802.08, samples=14
  lat (usec)   : 4=0.01%, 100=0.01%, 250=96.57%, 500=3.41%
  lat (msec)   : 2=0.01%
  cpu          : usr=4.67%, sys=15.70%, ctx=32779, majf=0, minf=20
  IO depths    : 1=100.0%, 2=0.0%, 4=0.0%, 8=0.0%, 16=0.0%, 32=0.0%, >=64=0.0%
     submit    : 0=0.0%, 4=100.0%, 8=0.0%, 16=0.0%, 32=0.0%, 64=0.0%, >=64=0.0%
     complete  : 0=0.0%, 4=100.0%, 8=0.0%, 16=0.0%, 32=0.0%, 64=0.0%, >=64=0.0%
     issued rwts: total=32768,0,0,0 short=0,0,0,0 dropped=0,0,0,0
     latency   : target=0, window=0, percentile=100.00%, depth=1

Run status group 0 (all jobs):
   READ: bw=145MiB/s (152MB/s), 145MiB/s-145MiB/s (152MB/s-152MB/s), io=1024MiB (1074MB), run=7063-7063msec

Disk stats (read/write):
  sda: ios=31674/2, merge=0/7, ticks=5824/3, in_queue=5827, util=98.66%
