randread: (g=0): rw=randread, bs=(R) 8192B-8192B, (W) 8192B-8192B, (T) 8192B-8192B, ioengine=libaio, iodepth=1
fio-3.16
Starting 1 process

randread: (groupid=0, jobs=1): err= 0: pid=2376: Wed Feb 23 07:16:43 2022
  read: IOPS=8713, BW=68.1MiB/s (71.4MB/s)(1024MiB/15043msec)
    slat (usec): min=3, max=199, avg= 6.91, stdev= 4.63
    clat (usec): min=3, max=1752, avg=106.76, stdev=20.50
     lat (usec): min=88, max=1846, avg=113.81, stdev=23.80
     lat percentiles (usec):
     |  1.00th=[  101],  5.00th=[  103], 10.00th=[  103], 20.00th=[  104],
     | 30.00th=[  104], 40.00th=[  105], 50.00th=[  106], 60.00th=[  108],
     | 70.00th=[  110], 80.00th=[  122], 90.00th=[  125], 95.00th=[  163],
     | 99.00th=[  227], 99.50th=[  243], 99.90th=[  262], 99.95th=[  273],
     | 99.99th=[  314]
   bw (  KiB/s): min=48160, max=76272, per=99.98%, avg=69688.43, stdev=9000.99, samples=30
   iops        : min= 6020, max= 9534, avg=8711.03, stdev=1125.12, samples=30
  lat (usec)   : 4=0.01%, 100=29.38%, 250=70.59%, 500=0.03%, 1000=0.01%
  lat (msec)   : 2=0.01%
  cpu          : usr=3.00%, sys=12.38%, ctx=131080, majf=0, minf=13
  IO depths    : 1=100.0%, 2=0.0%, 4=0.0%, 8=0.0%, 16=0.0%, 32=0.0%, >=64=0.0%
     submit    : 0=0.0%, 4=100.0%, 8=0.0%, 16=0.0%, 32=0.0%, 64=0.0%, >=64=0.0%
     complete  : 0=0.0%, 4=100.0%, 8=0.0%, 16=0.0%, 32=0.0%, 64=0.0%, >=64=0.0%
     issued rwts: total=131072,0,0,0 short=0,0,0,0 dropped=0,0,0,0
     latency   : target=0, window=0, percentile=100.00%, depth=1

Run status group 0 (all jobs):
   READ: bw=68.1MiB/s (71.4MB/s), 68.1MiB/s-68.1MiB/s (71.4MB/s-71.4MB/s), io=1024MiB (1074MB), run=15043-15043msec

Disk stats (read/write):
  sda: ios=129684/10, merge=0/11, ticks=13315/5, in_queue=13324, util=99.42%
