randread: (g=0): rw=randread, bs=(R) 32.0KiB-32.0KiB, (W) 32.0KiB-32.0KiB, (T) 32.0KiB-32.0KiB, ioengine=sync, iodepth=1
fio-3.16
Starting 1 process

randread: (groupid=0, jobs=1): err= 0: pid=2346: Wed Feb 23 07:15:56 2022
  read: IOPS=5882, BW=184MiB/s (193MB/s)(1024MiB/5570msec)
    clat (usec): min=86, max=1508, avg=167.61, stdev=34.20
     lat (usec): min=87, max=1509, avg=167.80, stdev=34.29
     lat percentiles (usec):
     |  1.00th=[  149],  5.00th=[  149], 10.00th=[  149], 20.00th=[  151],
     | 30.00th=[  151], 40.00th=[  151], 50.00th=[  153], 60.00th=[  157],
     | 70.00th=[  172], 80.00th=[  176], 90.00th=[  215], 95.00th=[  223],
     | 99.00th=[  285], 99.50th=[  351], 99.90th=[  408], 99.95th=[  416],
     | 99.99th=[  963]
   bw (  KiB/s): min=160256, max=210816, per=99.98%, avg=188218.18, stdev=19038.28, samples=11
   iops        : min= 5008, max= 6588, avg=5881.82, stdev=594.95, samples=11
  lat (usec)   : 100=0.01%, 250=96.73%, 500=3.25%, 750=0.01%, 1000=0.01%
  lat (msec)   : 2=0.01%
  cpu          : usr=3.18%, sys=12.03%, ctx=32771, majf=0, minf=18
  IO depths    : 1=100.0%, 2=0.0%, 4=0.0%, 8=0.0%, 16=0.0%, 32=0.0%, >=64=0.0%
     submit    : 0=0.0%, 4=100.0%, 8=0.0%, 16=0.0%, 32=0.0%, 64=0.0%, >=64=0.0%
     complete  : 0=0.0%, 4=100.0%, 8=0.0%, 16=0.0%, 32=0.0%, 64=0.0%, >=64=0.0%
     issued rwts: total=32768,0,0,0 short=0,0,0,0 dropped=0,0,0,0
     latency   : target=0, window=0, percentile=100.00%, depth=1

Run status group 0 (all jobs):
   READ: bw=184MiB/s (193MB/s), 184MiB/s-184MiB/s (193MB/s-193MB/s), io=1024MiB (1074MB), run=5570-5570msec

Disk stats (read/write):
  sda: ios=31689/7, merge=0/14, ticks=4798/3, in_queue=4803, util=98.29%
