randread: (g=0): rw=randread, bs=(R) 256KiB-256KiB, (W) 256KiB-256KiB, (T) 256KiB-256KiB, ioengine=sync, iodepth=1
fio-3.16
Starting 1 process

randread: (groupid=0, jobs=1): err= 0: pid=2356: Wed Feb 23 07:16:00 2022
  read: IOPS=974, BW=244MiB/s (256MB/s)(1024MiB/4202msec)
    clat (usec): min=725, max=8233, avg=1010.24, stdev=240.35
     lat (usec): min=725, max=8235, avg=1011.33, stdev=240.53
     lat percentiles (usec):
     |  1.00th=[  758],  5.00th=[  775], 10.00th=[  791], 20.00th=[  848],
     | 30.00th=[  898], 40.00th=[ 1012], 50.00th=[ 1074], 60.00th=[ 1090],
     | 70.00th=[ 1106], 80.00th=[ 1123], 90.00th=[ 1139], 95.00th=[ 1139],
     | 99.00th=[ 1156], 99.50th=[ 1172], 99.90th=[ 3720], 99.95th=[ 6980],
     | 99.99th=[ 8225]
   bw (  KiB/s): min=224768, max=268288, per=99.79%, avg=249024.00, stdev=13255.44, samples=8
   iops        : min=  878, max= 1048, avg=972.75, stdev=51.78, samples=8
  lat (usec)   : 750=0.51%, 1000=38.89%
  lat (msec)   : 2=60.45%, 4=0.05%, 10=0.10%
  cpu          : usr=3.64%, sys=12.43%, ctx=4101, majf=0, minf=73
  IO depths    : 1=100.0%, 2=0.0%, 4=0.0%, 8=0.0%, 16=0.0%, 32=0.0%, >=64=0.0%
     submit    : 0=0.0%, 4=100.0%, 8=0.0%, 16=0.0%, 32=0.0%, 64=0.0%, >=64=0.0%
     complete  : 0=0.0%, 4=100.0%, 8=0.0%, 16=0.0%, 32=0.0%, 64=0.0%, >=64=0.0%
     issued rwts: total=4096,0,0,0 short=0,0,0,0 dropped=0,0,0,0
     latency   : target=0, window=0, percentile=100.00%, depth=1

Run status group 0 (all jobs):
   READ: bw=244MiB/s (256MB/s), 244MiB/s-244MiB/s (256MB/s-256MB/s), io=1024MiB (1074MB), run=4202-4202msec

Disk stats (read/write):
  sda: ios=4035/9, merge=0/1, ticks=3651/3, in_queue=3654, util=97.86%
